This is pdfTeX, Version 3.14159265-2.6-1.40.21 (MiKTeX 20.10) (preloaded format=pdflatex 2020.10.21)  11 NOV 2020 10:36
entering extended mode
**./EFC2_IA048.tex
(EFC2_IA048.tex
LaTeX2e <2020-10-01> patch level 1
L3 programming layer <2020-10-05> xparse <2020-03-03>
(D:\MikTex\tex/latex/base\article.cls
Document Class: article 2020/04/10 v1.4m Standard LaTeX document class
(D:\MikTex\tex/latex/base\size12.clo
File: size12.clo 2020/04/10 v1.4m Standard LaTeX file (size option)
)
\c@part=\count175
\c@section=\count176
\c@subsection=\count177
\c@subsubsection=\count178
\c@paragraph=\count179
\c@subparagraph=\count180
\c@figure=\count181
\c@table=\count182
\abovecaptionskip=\skip47
\belowcaptionskip=\skip48
\bibindent=\dimen138
) (D:\MikTex\tex/latex/caption\caption.sty
Package: caption 2020/09/12 v3.5b Customizing captions (AR)
(D:\MikTex\tex/latex/caption\caption3.sty
Package: caption3 2020/09/17 v2.1b caption3 kernel (AR)

(D:\MikTex\tex/latex/graphics\keyval.sty
Package: keyval 2014/10/28 v1.15 key=value parser (DPC)
\KV@toks@=\toks15
)
\captionmargin=\dimen139
\captionmargin@=\dimen140
\captionwidth=\dimen141
\caption@tempdima=\dimen142
\caption@indent=\dimen143
\caption@parindent=\dimen144
\caption@hangindent=\dimen145
Package caption Info: Standard document class detected.
)
\c@caption@flags=\count183
\c@continuedfloat=\count184
)
(D:\MikTex\tex/latex/caption\subcaption.sty
Package: subcaption 2020/08/23 v1.3g Sub-captions (AR)
\c@subfigure=\count185
\c@subtable=\count186
)
(D:\MikTex\tex/latex/graphics\graphicx.sty
Package: graphicx 2020/09/09 v1.2b Enhanced LaTeX Graphics (DPC,SPQR)

(D:\MikTex\tex/latex/graphics\graphics.sty
Package: graphics 2020/08/30 v1.4c Standard LaTeX Graphics (DPC,SPQR)

(D:\MikTex\tex/latex/graphics\trig.sty
Package: trig 2016/01/03 v1.10 sin cos tan (DPC)
)
(D:\MikTex\tex/latex/graphics-cfg\graphics.cfg
File: graphics.cfg 2016/06/04 v1.11 sample graphics configuration
)
Package graphics Info: Driver file: pdftex.def on input line 105.

(D:\MikTex\tex/latex/graphics-def\pdftex.def
File: pdftex.def 2020/10/05 v1.2a Graphics/color driver for pdftex
))
\Gin@req@height=\dimen146
\Gin@req@width=\dimen147
)
(D:\MikTex\tex/latex/geometry\geometry.sty
Package: geometry 2020/01/02 v5.9 Page Geometry

(D:\MikTex\tex/generic/iftex\ifvtex.sty
Package: ifvtex 2019/10/25 v1.7 ifvtex legacy package. Use iftex instead.
 (D:\MikTex\tex/generic/iftex\iftex.sty
Package: iftex 2020/03/06 v1.0d TeX engine tests
))
\Gm@cnth=\count187
\Gm@cntv=\count188
\c@Gm@tempcnt=\count189
\Gm@bindingoffset=\dimen148
\Gm@wd@mp=\dimen149
\Gm@odd@mp=\dimen150
\Gm@even@mp=\dimen151
\Gm@layoutwidth=\dimen152
\Gm@layoutheight=\dimen153
\Gm@layouthoffset=\dimen154
\Gm@layoutvoffset=\dimen155
\Gm@dimlist=\toks16
 (D:\MikTex\tex/latex/geometry\geometry.cfg))
(D:\MikTex\tex/latex/pdfpages\pdfpages.sty
Package: pdfpages 2020/01/28 v0.5q Insert pages of external PDF documents (AM)
 (D:\MikTex\tex/latex/base\ifthen.sty
Package: ifthen 2014/09/29 v1.1c Standard LaTeX ifthen package (DPC)
) (D:\MikTex\tex/latex/tools\calc.sty
Package: calc 2017/05/25 v4.3 Infix arithmetic (KKT,FJ)
\calc@Acount=\count190
\calc@Bcount=\count191
\calc@Adimen=\dimen156
\calc@Bdimen=\dimen157
\calc@Askip=\skip49
\calc@Bskip=\skip50
LaTeX Info: Redefining \setlength on input line 80.
LaTeX Info: Redefining \addtolength on input line 81.
\calc@Ccount=\count192
\calc@Cskip=\skip51
) (D:\MikTex\tex/latex/eso-pic\eso-pic.sty
Package: eso-pic 2020/09/27 v2.0i eso-pic (RN)
(D:\MikTex\tex/latex/base\atbegshi-ltx.sty
Package: atbegshi-ltx 2020/08/17 v1.0a Emulation of the original atbegshi packa
ge
with kernel methods
)
\ESO@tempdima=\dimen158
\ESO@tempdimb=\dimen159

(D:\MikTex\tex/latex/xcolor\xcolor.sty
Package: xcolor 2016/05/11 v2.12 LaTeX color extensions (UK)

(D:\MikTex\tex/latex/graphics-cfg\color.cfg
File: color.cfg 2016/01/02 v1.6 sample color configuration
)
Package xcolor Info: Driver file: pdftex.def on input line 225.
Package xcolor Info: Model `cmy' substituted by `cmy0' on input line 1348.
Package xcolor Info: Model `hsb' substituted by `rgb' on input line 1352.
Package xcolor Info: Model `RGB' extended on input line 1364.
Package xcolor Info: Model `HTML' substituted by `rgb' on input line 1366.
Package xcolor Info: Model `Hsb' substituted by `hsb' on input line 1367.
Package xcolor Info: Model `tHsb' substituted by `hsb' on input line 1368.
Package xcolor Info: Model `HSB' substituted by `hsb' on input line 1369.
Package xcolor Info: Model `Gray' substituted by `gray' on input line 1370.
Package xcolor Info: Model `wave' substituted by `hsb' on input line 1371.
))
\AM@pagewidth=\dimen160
\AM@pageheight=\dimen161

(D:\MikTex\tex/latex/pdfpages\pppdftex.def
File: pppdftex.def 2020/01/28 v0.5q Pdfpages driver for pdfTeX (AM)
)
\AM@pagebox=\box47
\AM@global@opts=\toks17
\AM@pagecnt=\count193
\AM@toc@title=\toks18
\c@AM@survey=\count194
\AM@templatesizebox=\box48
)
(D:\MikTex\tex/latex/tools\array.sty
Package: array 2019/08/31 v2.4l Tabular extension package (FMi)
\col@sep=\dimen162
\ar@mcellbox=\box49
\extrarowheight=\dimen163
\NC@list=\toks19
\extratabsurround=\skip52
\backup@length=\skip53
\ar@cellbox=\box50
) (D:\MikTex\tex/latex/amsmath\amsmath.sty
Package: amsmath 2020/09/23 v2.17i AMS math features
\@mathmargin=\skip54

For additional information on amsmath, use the `?' option.
(D:\MikTex\tex/latex/amsmath\amstext.sty
Package: amstext 2000/06/29 v2.01 AMS text

(D:\MikTex\tex/latex/amsmath\amsgen.sty
File: amsgen.sty 1999/11/30 v2.0 generic functions
\@emptytoks=\toks20
\ex@=\dimen164
))
(D:\MikTex\tex/latex/amsmath\amsbsy.sty
Package: amsbsy 1999/11/29 v1.2d Bold Symbols
\pmbraise@=\dimen165
)
(D:\MikTex\tex/latex/amsmath\amsopn.sty
Package: amsopn 2016/03/08 v2.02 operator names
)
\inf@bad=\count195
LaTeX Info: Redefining \frac on input line 234.
\uproot@=\count196
\leftroot@=\count197
LaTeX Info: Redefining \overline on input line 399.
\classnum@=\count198
\DOTSCASE@=\count199
LaTeX Info: Redefining \ldots on input line 496.
LaTeX Info: Redefining \dots on input line 499.
LaTeX Info: Redefining \cdots on input line 620.
\Mathstrutbox@=\box51
\strutbox@=\box52
\big@size=\dimen166
LaTeX Font Info:    Redeclaring font encoding OML on input line 743.
LaTeX Font Info:    Redeclaring font encoding OMS on input line 744.
\macc@depth=\count266
\c@MaxMatrixCols=\count267
\dotsspace@=\muskip16
\c@parentequation=\count268
\dspbrk@lvl=\count269
\tag@help=\toks21
\row@=\count270
\column@=\count271
\maxfields@=\count272
\andhelp@=\toks22
\eqnshift@=\dimen167
\alignsep@=\dimen168
\tagshift@=\dimen169
\tagwidth@=\dimen170
\totwidth@=\dimen171
\lineht@=\dimen172
\@envbody=\toks23
\multlinegap=\skip55
\multlinetaggap=\skip56
\mathdisplay@stack=\toks24
LaTeX Info: Redefining \[ on input line 2923.
LaTeX Info: Redefining \] on input line 2924.
) (D:\MikTex\tex/latex/url\url.sty
\Urlmuskip=\muskip17
Package: url 2013/09/16  ver 3.4  Verb mode for urls, etc.
)
(D:\MikTex\tex/generic/babel\babel.sty
Package: babel 2020/10/06 3.50 The Babel package
 (D:\MikTex\tex/generic/babel\babel.def
File: babel.def 2020/10/06 3.50 Babel common definitions
\babel@savecnt=\count273
\U@D=\dimen173
\l@babelnohyphens=\language79

(D:\MikTex\tex/generic/babel\txtbabel.def)
\bbl@readstream=\read2
)
\bbl@dirlevel=\count274

*************************************
* Local config file bblopts.cfg used
*
(D:\MikTex\tex/latex/arabi\bblopts.cfg
File: bblopts.cfg 2005/09/08 v0.1 add Arabic and Farsi to "declared" options of
 babel
)
(D:\MikTex\tex/latex/babel-portuges\portuguese.ldf
Language: portuges 2020/05/04 v1.2r Portuguese support from the babel system
Package babel Info: Making " an active character on input line 143.
))
(D:\MikTex\tex/latex/float\float.sty
Package: float 2001/11/08 v1.3d Float enhancements (AL)
\c@float@type=\count275
\float@exts=\toks25
\float@box=\box53
\@float@everytoks=\toks26
\@floatcapt=\box54
)

Package geometry Warning: Over-specification in `h'-direction.
    `width' (597.50787pt) is ignored.


Package geometry Warning: Over-specification in `v'-direction.
    `height' (845.04684pt) is ignored.

(D:\MikTex\tex/latex/l3backend\l3backend-pdftex.def
File: l3backend-pdftex.def 2020-09-24 L3 backend support: PDF output (pdfTeX)
\l__kernel_color_stack_int=\count276
\l__pdf_internal_box=\box55
) (EFC2_IA048.aux)
\openout1 = `EFC2_IA048.aux'.

LaTeX Font Info:    Checking defaults for OML/cmm/m/it on input line 21.
LaTeX Font Info:    ... okay on input line 21.
LaTeX Font Info:    Checking defaults for OMS/cmsy/m/n on input line 21.
LaTeX Font Info:    ... okay on input line 21.
LaTeX Font Info:    Checking defaults for OT1/cmr/m/n on input line 21.
LaTeX Font Info:    ... okay on input line 21.
LaTeX Font Info:    Checking defaults for T1/cmr/m/n on input line 21.
LaTeX Font Info:    ... okay on input line 21.
LaTeX Font Info:    Checking defaults for TS1/cmr/m/n on input line 21.
LaTeX Font Info:    ... okay on input line 21.
LaTeX Font Info:    Checking defaults for OMX/cmex/m/n on input line 21.
LaTeX Font Info:    ... okay on input line 21.
LaTeX Font Info:    Checking defaults for U/cmr/m/n on input line 21.
LaTeX Font Info:    ... okay on input line 21.
Package caption Info: Begin \AtBeginDocument code.
Package caption Info: float package is loaded.
Package caption Info: End \AtBeginDocument code.

(D:\MikTex\tex/context/base/mkii\supp-pdf.mkii
[Loading MPS to PDF converter (version 2006.09.02).]
\scratchcounter=\count277
\scratchdimen=\dimen174
\scratchbox=\box56
\nofMPsegments=\count278
\nofMParguments=\count279
\everyMPshowfont=\toks27
\MPscratchCnt=\count280
\MPscratchDim=\dimen175
\MPnumerator=\count281
\makeMPintoPDFobject=\count282
\everyMPtoPDFconversion=\toks28
) (D:\MikTex\tex/latex/epstopdf-pkg\epstopdf-base.sty
Package: epstopdf-base 2020-01-24 v2.11 Base part for package epstopdf
Package epstopdf-base Info: Redefining graphics rule for `.eps' on input line 4
85.
)
*geometry* driver: auto-detecting
*geometry* detected driver: pdftex
*geometry* verbose mode - [ preamble ] result:
* driver: pdftex
* paper: <default>
* layout: <same size as paper>
* layoutoffset:(h,v)=(0.0pt,0.0pt)
* bindingoffset: 28.45274pt
* modes: 
* h-part:(L,W,R)=(56.9055pt, 472.03125pt, 56.9055pt)
* v-part:(T,H,B)=(0.0pt, 738.06448pt, 56.9055pt)
* \paperwidth=614.295pt
* \paperheight=794.96999pt
* \textwidth=472.03125pt
* \textheight=738.06448pt
* \oddsidemargin=13.08826pt
* \evensidemargin=-15.36449pt
* \topmargin=-109.26999pt
* \headheight=12.0pt
* \headsep=25.0pt
* \topskip=12.0pt
* \footskip=30.0pt
* \marginparwidth=44.0pt
* \marginparsep=10.0pt
* \columnsep=10.0pt
* \skip\footins=10.8pt plus 4.0pt minus 2.0pt
* \hoffset=0.0pt
* \voffset=0.0pt
* \mag=1000
* \@twocolumnfalse
* \@twosidefalse
* \@mparswitchfalse
* \@reversemarginfalse
* (1in=72.27pt=25.4mm, 1cm=28.453pt)

(D:\MikTex\tex/latex/pdflscape\pdflscape.sty
Package: pdflscape 2019/12/05 v0.12 Display of landscape pages in PDF (HO)

(D:\MikTex\tex/latex/graphics\lscape.sty
Package: lscape 2020/05/28 v3.02 Landscape Pages (DPC)
)
Package pdflscape Info: Auto-detected driver: pdftex on input line 81.
)
<images/hist_sdf_.png, id=1, 474.77374pt x 278.03876pt>
File: images/hist_sdf_.png Graphic file (type png)
<use images/hist_sdf_.png>
Package pdftex.def Info: images/hist_sdf_.png  used on input line 32.
(pdftex.def)             Requested size: 231.2979pt x 135.4553pt.
<images/hist_median.png, id=2, 459.7175pt x 277.035pt>
File: images/hist_median.png Graphic file (type png)
<use images/hist_median.png>
Package pdftex.def Info: images/hist_median.png  used on input line 38.
(pdftex.def)             Requested size: 231.2979pt x 139.38795pt.
<images/hist_fq.png, id=3, 474.77374pt x 280.04625pt>
File: images/hist_fq.png Graphic file (type png)
<use images/hist_fq.png>
Package pdftex.def Info: images/hist_fq.png  used on input line 46.
(pdftex.def)             Requested size: 231.2979pt x 136.43332pt.
<images/hist_tq.png, id=4, 458.71375pt x 280.04625pt>
File: images/hist_tq.png Graphic file (type png)
<use images/hist_tq.png>
Package pdftex.def Info: images/hist_tq.png  used on input line 52.
(pdftex.def)             Requested size: 231.2979pt x 141.21071pt.
<images/hist_IR.png, id=5, 474.77374pt x 280.04625pt>
File: images/hist_IR.png Graphic file (type png)
<use images/hist_IR.png>
Package pdftex.def Info: images/hist_IR.png  used on input line 60.
(pdftex.def)             Requested size: 231.2979pt x 136.43332pt.
<images/hist_skewness.png, id=6, 473.77pt x 279.0425pt>
File: images/hist_skewness.png Graphic file (type png)
<use images/hist_skewness.png>
Package pdftex.def Info: images/hist_skewness.png  used on input line 66.
(pdftex.def)             Requested size: 231.2979pt x 136.22958pt.
 [1

{C:/Users/T-Gamer/AppData/Local/MiKTeX/2.9/pdftex/config/pdftex.map} <./images/
hist_sdf_.png (PNG copy)> <./images/hist_median.png (PNG copy)> <./images/hist_
fq.png (PNG copy)> <./images/hist_tq.png (PNG copy)> <./images/hist_IR.png (PNG
 copy)> <./images/hist_skewness.png (PNG copy)>]

Package geometry Warning: Over-specification in `h'-direction.
    `width' (341.43306pt) is ignored.

*geometry* verbose mode - [ newgeometry ] result:
* driver: pdftex
* paper: <default>
* layout: <same size as paper>
* layoutoffset:(h,v)=(0.0pt,0.0pt)
* modes: heightrounded 
* h-part:(L,W,R)=(85.35826pt, 472.03123pt, 56.9055pt)
* v-part:(T,H,B)=(42.67912pt, 695.38536pt, 56.9055pt)
* \paperwidth=614.295pt
* \paperheight=794.96999pt
* \textwidth=472.03123pt
* \textheight=693.5pt
* \oddsidemargin=13.08827pt
* \evensidemargin=13.08827pt
* \topmargin=-66.59087pt
* \headheight=12.0pt
* \headsep=25.0pt
* \topskip=12.0pt
* \footskip=30.0pt
* \marginparwidth=44.0pt
* \marginparsep=10.0pt
* \columnsep=10.0pt
* \skip\footins=10.8pt plus 4.0pt minus 2.0pt
* \hoffset=0.0pt
* \voffset=0.0pt
* \mag=1000
* \@twocolumnfalse
* \@twosidefalse
* \@mparswitchfalse
* \@reversemarginfalse
* (1in=72.27pt=25.4mm, 1cm=28.453pt)

<images/hist_kurtosis.png, id=15, 474.77374pt x 281.05pt>
File: images/hist_kurtosis.png Graphic file (type png)
<use images/hist_kurtosis.png>
Package pdftex.def Info: images/hist_kurtosis.png  used on input line 79.
(pdftex.def)             Requested size: 231.2979pt x 136.92233pt.
<images/hist_se.png, id=16, 473.77pt x 280.04625pt>
File: images/hist_se.png Graphic file (type png)
<use images/hist_se.png>
Package pdftex.def Info: images/hist_se.png  used on input line 85.
(pdftex.def)             Requested size: 231.2979pt x 136.71962pt.
<images/hist_sf.png, id=17, 474.77374pt x 281.05pt>
File: images/hist_sf.png Graphic file (type png)
<use images/hist_sf.png>
Package pdftex.def Info: images/hist_sf.png  used on input line 93.
(pdftex.def)             Requested size: 231.2979pt x 136.92233pt.
<images/hist_mf.png, id=18, 473.77pt x 277.035pt>
File: images/hist_mf.png Graphic file (type png)
<use images/hist_mf.png>
Package pdftex.def Info: images/hist_mf.png  used on input line 99.
(pdftex.def)             Requested size: 231.2979pt x 135.24951pt.
<images/hist_fc.png, id=19, 474.77374pt x 278.03876pt>
File: images/hist_fc.png Graphic file (type png)
<use images/hist_fc.png>
Package pdftex.def Info: images/hist_fc.png  used on input line 107.
(pdftex.def)             Requested size: 231.2979pt x 135.4553pt.
<images/hist_av_ffma.png, id=20, 473.77pt x 280.04625pt>
File: images/hist_av_ffma.png Graphic file (type png)
<use images/hist_av_ffma.png>
Package pdftex.def Info: images/hist_av_ffma.png  used on input line 113.
(pdftex.def)             Requested size: 231.2979pt x 136.71962pt.
<images/hist_min_ffma.png, id=21, 474.77374pt x 279.0425pt>
File: images/hist_min_ffma.png Graphic file (type png)
<use images/hist_min_ffma.png>
Package pdftex.def Info: images/hist_min_ffma.png  used on input line 121.
(pdftex.def)             Requested size: 231.2979pt x 135.9443pt.
<images/hist_max_ffma.png, id=22, 473.77pt x 279.0425pt>
File: images/hist_max_ffma.png Graphic file (type png)
<use images/hist_max_ffma.png>
Package pdftex.def Info: images/hist_max_ffma.png  used on input line 127.
(pdftex.def)             Requested size: 231.2979pt x 136.22958pt.
[2

 <./images/hist_kurtosis.png (PNG copy)> <./images/hist_se.png (PNG copy)> <./i
mages/hist_sf.png (PNG copy)> <./images/hist_mf.png (PNG copy)> <./images/hist_
fc.png (PNG copy)> <./images/hist_av_ffma.png (PNG copy)> <./images/hist_min_ff
ma.png (PNG copy)> <./images/hist_max_ffma.png (PNG copy)>]
<images/hist_av_dfma.png, id=26, 474.77374pt x 277.035pt>
File: images/hist_av_dfma.png Graphic file (type png)
<use images/hist_av_dfma.png>
Package pdftex.def Info: images/hist_av_dfma.png  used on input line 140.
(pdftex.def)             Requested size: 231.2979pt x 134.9663pt.
<images/hist_min_dfma.png, id=27, 473.77pt x 277.035pt>
File: images/hist_min_dfma.png Graphic file (type png)
<use images/hist_min_dfma.png>
Package pdftex.def Info: images/hist_min_dfma.png  used on input line 146.
(pdftex.def)             Requested size: 231.2979pt x 135.24951pt.
<images/hist_max_dfma.png, id=28, 474.77374pt x 281.05pt>
File: images/hist_max_dfma.png Graphic file (type png)
<use images/hist_max_dfma.png>
Package pdftex.def Info: images/hist_max_dfma.png  used on input line 154.
(pdftex.def)             Requested size: 231.2979pt x 136.92233pt.
<images/hist_range_dfma.png, id=29, 473.77pt x 281.05pt>
File: images/hist_range_dfma.png Graphic file (type png)
<use images/hist_range_dfma.png>
Package pdftex.def Info: images/hist_range_dfma.png  used on input line 160.
(pdftex.def)             Requested size: 231.2979pt x 137.20966pt.
<images/hist_mi.png, id=30, 474.77374pt x 279.0425pt>
File: images/hist_mi.png Graphic file (type png)
<use images/hist_mi.png>
Package pdftex.def Info: images/hist_mi.png  used on input line 167.
(pdftex.def)             Requested size: 231.2979pt x 135.9443pt.
 [3 <./images/hist_av_dfma.png (PNG copy)> <./images/hist_min_dfma.png (PNG cop
y)> <./images/hist_max_dfma.png (PNG copy)> <./images/hist_range_dfma.png (PNG 
copy)> <./images/hist_mi.png (PNG copy)>]
<images/roc_curve.png, id=34, 723.70375pt x 372.39125pt>
File: images/roc_curve.png Graphic file (type png)
<use images/roc_curve.png>
Package pdftex.def Info: images/roc_curve.png  used on input line 205.
(pdftex.def)             Requested size: 472.03123pt x 242.89241pt.
 [4 <./images/roc_curve.png>]
<images/f1_thr.png, id=44, 722.7pt x 372.39125pt>
File: images/f1_thr.png Graphic file (type png)
<use images/f1_thr.png>
Package pdftex.def Info: images/f1_thr.png  used on input line 217.
(pdftex.def)             Requested size: 472.03123pt x 243.22766pt.
<images/conf_m.png, id=45, 813.0375pt x 591.20876pt>
File: images/conf_m.png Graphic file (type png)
<use images/conf_m.png>
Package pdftex.def Info: images/conf_m.png  used on input line 233.
(pdftex.def)             Requested size: 472.03123pt x 343.24411pt.
 [5 <./images/f1_thr.png>]
[6 <./images/conf_m.png>]
<images/conf_m_2_lr.png, id=55, 952.55875pt x 721.69624pt>
File: images/conf_m_2_lr.png Graphic file (type png)
<use images/conf_m_2_lr.png>
Package pdftex.def Info: images/conf_m_2_lr.png  used on input line 261.
(pdftex.def)             Requested size: 377.62642pt x 286.10754pt.
 [7 <./images/conf_m_2_lr.png>]
<images/k_values.png, id=61, 912.40875pt x 384.43625pt>
File: images/k_values.png Graphic file (type png)
<use images/k_values.png>
Package pdftex.def Info: images/k_values.png  used on input line 300.
(pdftex.def)             Requested size: 472.03123pt x 198.88144pt.
<images/conf_m_2_k.png, id=62, 952.55875pt x 721.69624pt>
File: images/conf_m_2_k.png Graphic file (type png)
<use images/conf_m_2_k.png>
Package pdftex.def Info: images/conf_m_2_k.png  used on input line 311.
(pdftex.def)             Requested size: 330.42041pt x 250.33997pt.
 [8 <./images/k_values.png>]
File: images/conf_m_2_lr.png Graphic file (type png)
<use images/conf_m_2_lr.png>
Package pdftex.def Info: images/conf_m_2_lr.png  used on input line 334.
(pdftex.def)             Requested size: 231.2979pt x 175.23688pt.
File: images/conf_m_2_k.png Graphic file (type png)
<use images/conf_m_2_k.png>
Package pdftex.def Info: images/conf_m_2_k.png  used on input line 341.
(pdftex.def)             Requested size: 231.2979pt x 175.23688pt.
 [9 <./images/conf_m_2_k.png>]
Overfull \hbox (27.58514pt too wide) in paragraph at lines 357--362
[][] 
 []

[10] (EFC2_IA048.aux) ) 
Here is how much of TeX's memory you used:
 6054 strings out of 480236
 91230 string characters out of 2897059
 390049 words of memory out of 3000000
 22518 multiletter control sequences out of 15000+200000
 542365 words of font info for 54 fonts, out of 3000000 for 9000
 1141 hyphenation exceptions out of 8191
 62i,9n,69p,450b,492s stack positions out of 5000i,500n,10000p,200000b,50000s
 <C:\Users\T-Gamer\AppData\Local\MiKTeX\2.9\fonts/pk/ljf
our/jknappen/ec/dpi600\tcrm1200.pk><D:/MikTex/fonts/type1/public/amsfonts/cm/cm
bx12.pfb><D:/MikTex/fonts/type1/public/amsfonts/cm/cmmi12.pfb><D:/MikTex/fonts/
type1/public/amsfonts/cm/cmr10.pfb><D:/MikTex/fonts/type1/public/amsfonts/cm/cm
r12.pfb><D:/MikTex/fonts/type1/public/amsfonts/cm/cmr17.pfb><D:/MikTex/fonts/ty
pe1/public/amsfonts/cm/cmsy10.pfb><D:/MikTex/fonts/type1/public/amsfonts/cm/cms
y8.pfb><D:/MikTex/fonts/type1/public/amsfonts/cm/cmti12.pfb>
Output written on EFC2_IA048.pdf (10 pages, 398929 bytes).
PDF statistics:
 104 PDF objects out of 1000 (max. 8388607)
 0 named destinations out of 1000 (max. 500000)
 126 words of extra memory for PDF output out of 10000 (max. 10000000)

