This is pdfTeX, Version 3.14159265-2.6-1.40.21 (MiKTeX 20.10) (preloaded format=pdflatex 2020.10.21)  9 DEC 2020 20:46
entering extended mode
**./EFC3_IA048.tex
(EFC3_IA048.tex
LaTeX2e <2020-10-01> patch level 1
L3 programming layer <2020-10-05> xparse <2020-03-03>
(D:\MikTex\tex/latex/base\article.cls
Document Class: article 2020/04/10 v1.4m Standard LaTeX document class
(D:\MikTex\tex/latex/base\size12.clo
File: size12.clo 2020/04/10 v1.4m Standard LaTeX file (size option)
)
\c@part=\count175
\c@section=\count176
\c@subsection=\count177
\c@subsubsection=\count178
\c@paragraph=\count179
\c@subparagraph=\count180
\c@figure=\count181
\c@table=\count182
\abovecaptionskip=\skip47
\belowcaptionskip=\skip48
\bibindent=\dimen138
) (D:\MikTex\tex/latex/caption\caption.sty
Package: caption 2020/09/12 v3.5b Customizing captions (AR)
(D:\MikTex\tex/latex/caption\caption3.sty
Package: caption3 2020/09/17 v2.1b caption3 kernel (AR)

(D:\MikTex\tex/latex/graphics\keyval.sty
Package: keyval 2014/10/28 v1.15 key=value parser (DPC)
\KV@toks@=\toks15
)
\captionmargin=\dimen139
\captionmargin@=\dimen140
\captionwidth=\dimen141
\caption@tempdima=\dimen142
\caption@indent=\dimen143
\caption@parindent=\dimen144
\caption@hangindent=\dimen145
Package caption Info: Standard document class detected.
)
\c@caption@flags=\count183
\c@continuedfloat=\count184
)
(D:\MikTex\tex/latex/caption\subcaption.sty
Package: subcaption 2020/08/23 v1.3g Sub-captions (AR)
\c@subfigure=\count185
\c@subtable=\count186
)
(D:\MikTex\tex/latex/graphics\graphicx.sty
Package: graphicx 2020/09/09 v1.2b Enhanced LaTeX Graphics (DPC,SPQR)

(D:\MikTex\tex/latex/graphics\graphics.sty
Package: graphics 2020/08/30 v1.4c Standard LaTeX Graphics (DPC,SPQR)

(D:\MikTex\tex/latex/graphics\trig.sty
Package: trig 2016/01/03 v1.10 sin cos tan (DPC)
)
(D:\MikTex\tex/latex/graphics-cfg\graphics.cfg
File: graphics.cfg 2016/06/04 v1.11 sample graphics configuration
)
Package graphics Info: Driver file: pdftex.def on input line 105.

(D:\MikTex\tex/latex/graphics-def\pdftex.def
File: pdftex.def 2020/10/05 v1.2a Graphics/color driver for pdftex
))
\Gin@req@height=\dimen146
\Gin@req@width=\dimen147
)
(D:\MikTex\tex/latex/geometry\geometry.sty
Package: geometry 2020/01/02 v5.9 Page Geometry

(D:\MikTex\tex/generic/iftex\ifvtex.sty
Package: ifvtex 2019/10/25 v1.7 ifvtex legacy package. Use iftex instead.
 (D:\MikTex\tex/generic/iftex\iftex.sty
Package: iftex 2020/03/06 v1.0d TeX engine tests
))
\Gm@cnth=\count187
\Gm@cntv=\count188
\c@Gm@tempcnt=\count189
\Gm@bindingoffset=\dimen148
\Gm@wd@mp=\dimen149
\Gm@odd@mp=\dimen150
\Gm@even@mp=\dimen151
\Gm@layoutwidth=\dimen152
\Gm@layoutheight=\dimen153
\Gm@layouthoffset=\dimen154
\Gm@layoutvoffset=\dimen155
\Gm@dimlist=\toks16
 (D:\MikTex\tex/latex/geometry\geometry.cfg))
(D:\MikTex\tex/latex/pdfpages\pdfpages.sty
Package: pdfpages 2020/01/28 v0.5q Insert pages of external PDF documents (AM)
 (D:\MikTex\tex/latex/base\ifthen.sty
Package: ifthen 2014/09/29 v1.1c Standard LaTeX ifthen package (DPC)
) (D:\MikTex\tex/latex/tools\calc.sty
Package: calc 2017/05/25 v4.3 Infix arithmetic (KKT,FJ)
\calc@Acount=\count190
\calc@Bcount=\count191
\calc@Adimen=\dimen156
\calc@Bdimen=\dimen157
\calc@Askip=\skip49
\calc@Bskip=\skip50
LaTeX Info: Redefining \setlength on input line 80.
LaTeX Info: Redefining \addtolength on input line 81.
\calc@Ccount=\count192
\calc@Cskip=\skip51
) (D:\MikTex\tex/latex/eso-pic\eso-pic.sty
Package: eso-pic 2020/09/27 v2.0i eso-pic (RN)
(D:\MikTex\tex/latex/base\atbegshi-ltx.sty
Package: atbegshi-ltx 2020/08/17 v1.0a Emulation of the original atbegshi packa
ge
with kernel methods
)
\ESO@tempdima=\dimen158
\ESO@tempdimb=\dimen159

(D:\MikTex\tex/latex/xcolor\xcolor.sty
Package: xcolor 2016/05/11 v2.12 LaTeX color extensions (UK)

(D:\MikTex\tex/latex/graphics-cfg\color.cfg
File: color.cfg 2016/01/02 v1.6 sample color configuration
)
Package xcolor Info: Driver file: pdftex.def on input line 225.
Package xcolor Info: Model `cmy' substituted by `cmy0' on input line 1348.
Package xcolor Info: Model `hsb' substituted by `rgb' on input line 1352.
Package xcolor Info: Model `RGB' extended on input line 1364.
Package xcolor Info: Model `HTML' substituted by `rgb' on input line 1366.
Package xcolor Info: Model `Hsb' substituted by `hsb' on input line 1367.
Package xcolor Info: Model `tHsb' substituted by `hsb' on input line 1368.
Package xcolor Info: Model `HSB' substituted by `hsb' on input line 1369.
Package xcolor Info: Model `Gray' substituted by `gray' on input line 1370.
Package xcolor Info: Model `wave' substituted by `hsb' on input line 1371.
))
\AM@pagewidth=\dimen160
\AM@pageheight=\dimen161

(D:\MikTex\tex/latex/pdfpages\pppdftex.def
File: pppdftex.def 2020/01/28 v0.5q Pdfpages driver for pdfTeX (AM)
)
\AM@pagebox=\box47
\AM@global@opts=\toks17
\AM@pagecnt=\count193
\AM@toc@title=\toks18
\c@AM@survey=\count194
\AM@templatesizebox=\box48
)
(D:\MikTex\tex/latex/tools\array.sty
Package: array 2019/08/31 v2.4l Tabular extension package (FMi)
\col@sep=\dimen162
\ar@mcellbox=\box49
\extrarowheight=\dimen163
\NC@list=\toks19
\extratabsurround=\skip52
\backup@length=\skip53
\ar@cellbox=\box50
) (D:\MikTex\tex/latex/amsmath\amsmath.sty
Package: amsmath 2020/09/23 v2.17i AMS math features
\@mathmargin=\skip54

For additional information on amsmath, use the `?' option.
(D:\MikTex\tex/latex/amsmath\amstext.sty
Package: amstext 2000/06/29 v2.01 AMS text

(D:\MikTex\tex/latex/amsmath\amsgen.sty
File: amsgen.sty 1999/11/30 v2.0 generic functions
\@emptytoks=\toks20
\ex@=\dimen164
))
(D:\MikTex\tex/latex/amsmath\amsbsy.sty
Package: amsbsy 1999/11/29 v1.2d Bold Symbols
\pmbraise@=\dimen165
)
(D:\MikTex\tex/latex/amsmath\amsopn.sty
Package: amsopn 2016/03/08 v2.02 operator names
)
\inf@bad=\count195
LaTeX Info: Redefining \frac on input line 234.
\uproot@=\count196
\leftroot@=\count197
LaTeX Info: Redefining \overline on input line 399.
\classnum@=\count198
\DOTSCASE@=\count199
LaTeX Info: Redefining \ldots on input line 496.
LaTeX Info: Redefining \dots on input line 499.
LaTeX Info: Redefining \cdots on input line 620.
\Mathstrutbox@=\box51
\strutbox@=\box52
\big@size=\dimen166
LaTeX Font Info:    Redeclaring font encoding OML on input line 743.
LaTeX Font Info:    Redeclaring font encoding OMS on input line 744.
\macc@depth=\count266
\c@MaxMatrixCols=\count267
\dotsspace@=\muskip16
\c@parentequation=\count268
\dspbrk@lvl=\count269
\tag@help=\toks21
\row@=\count270
\column@=\count271
\maxfields@=\count272
\andhelp@=\toks22
\eqnshift@=\dimen167
\alignsep@=\dimen168
\tagshift@=\dimen169
\tagwidth@=\dimen170
\totwidth@=\dimen171
\lineht@=\dimen172
\@envbody=\toks23
\multlinegap=\skip55
\multlinetaggap=\skip56
\mathdisplay@stack=\toks24
LaTeX Info: Redefining \[ on input line 2923.
LaTeX Info: Redefining \] on input line 2924.
) (D:\MikTex\tex/latex/url\url.sty
\Urlmuskip=\muskip17
Package: url 2013/09/16  ver 3.4  Verb mode for urls, etc.
)
(D:\MikTex\tex/generic/babel\babel.sty
Package: babel 2020/10/06 3.50 The Babel package
 (D:\MikTex\tex/generic/babel\babel.def
File: babel.def 2020/10/06 3.50 Babel common definitions
\babel@savecnt=\count273
\U@D=\dimen173
\l@babelnohyphens=\language79

(D:\MikTex\tex/generic/babel\txtbabel.def)
\bbl@readstream=\read2
)
\bbl@dirlevel=\count274

*************************************
* Local config file bblopts.cfg used
*
(D:\MikTex\tex/latex/arabi\bblopts.cfg
File: bblopts.cfg 2005/09/08 v0.1 add Arabic and Farsi to "declared" options of
 babel
)
(D:\MikTex\tex/latex/babel-portuges\portuguese.ldf
Language: portuges 2020/05/04 v1.2r Portuguese support from the babel system
Package babel Info: Making " an active character on input line 143.
))
(D:\MikTex\tex/latex/float\float.sty
Package: float 2001/11/08 v1.3d Float enhancements (AL)
\c@float@type=\count275
\float@exts=\toks25
\float@box=\box53
\@float@everytoks=\toks26
\@floatcapt=\box54
)

Package geometry Warning: Over-specification in `h'-direction.
    `width' (597.50787pt) is ignored.


Package geometry Warning: Over-specification in `v'-direction.
    `height' (845.04684pt) is ignored.

(D:\MikTex\tex/latex/l3backend\l3backend-pdftex.def
File: l3backend-pdftex.def 2020-09-24 L3 backend support: PDF output (pdfTeX)
\l__kernel_color_stack_int=\count276
\l__pdf_internal_box=\box55
) (EFC3_IA048.aux)
\openout1 = `EFC3_IA048.aux'.

LaTeX Font Info:    Checking defaults for OML/cmm/m/it on input line 28.
LaTeX Font Info:    ... okay on input line 28.
LaTeX Font Info:    Checking defaults for OMS/cmsy/m/n on input line 28.
LaTeX Font Info:    ... okay on input line 28.
LaTeX Font Info:    Checking defaults for OT1/cmr/m/n on input line 28.
LaTeX Font Info:    ... okay on input line 28.
LaTeX Font Info:    Checking defaults for T1/cmr/m/n on input line 28.
LaTeX Font Info:    ... okay on input line 28.
LaTeX Font Info:    Checking defaults for TS1/cmr/m/n on input line 28.
LaTeX Font Info:    ... okay on input line 28.
LaTeX Font Info:    Checking defaults for OMX/cmex/m/n on input line 28.
LaTeX Font Info:    ... okay on input line 28.
LaTeX Font Info:    Checking defaults for U/cmr/m/n on input line 28.
LaTeX Font Info:    ... okay on input line 28.
Package caption Info: Begin \AtBeginDocument code.
Package caption Info: float package is loaded.
Package caption Info: End \AtBeginDocument code.

(D:\MikTex\tex/context/base/mkii\supp-pdf.mkii
[Loading MPS to PDF converter (version 2006.09.02).]
\scratchcounter=\count277
\scratchdimen=\dimen174
\scratchbox=\box56
\nofMPsegments=\count278
\nofMParguments=\count279
\everyMPshowfont=\toks27
\MPscratchCnt=\count280
\MPscratchDim=\dimen175
\MPnumerator=\count281
\makeMPintoPDFobject=\count282
\everyMPtoPDFconversion=\toks28
) (D:\MikTex\tex/latex/epstopdf-pkg\epstopdf-base.sty
Package: epstopdf-base 2020-01-24 v2.11 Base part for package epstopdf
Package epstopdf-base Info: Redefining graphics rule for `.eps' on input line 4
85.
)
*geometry* driver: auto-detecting
*geometry* detected driver: pdftex
*geometry* verbose mode - [ preamble ] result:
* driver: pdftex
* paper: <default>
* layout: <same size as paper>
* layoutoffset:(h,v)=(0.0pt,0.0pt)
* bindingoffset: 28.45274pt
* modes: 
* h-part:(L,W,R)=(56.9055pt, 472.03125pt, 56.9055pt)
* v-part:(T,H,B)=(0.0pt, 738.06448pt, 56.9055pt)
* \paperwidth=614.295pt
* \paperheight=794.96999pt
* \textwidth=472.03125pt
* \textheight=738.06448pt
* \oddsidemargin=13.08826pt
* \evensidemargin=-15.36449pt
* \topmargin=-109.26999pt
* \headheight=12.0pt
* \headsep=25.0pt
* \topskip=12.0pt
* \footskip=30.0pt
* \marginparwidth=44.0pt
* \marginparsep=10.0pt
* \columnsep=10.0pt
* \skip\footins=10.8pt plus 4.0pt minus 2.0pt
* \hoffset=0.0pt
* \voffset=0.0pt
* \mag=1000
* \@twocolumnfalse
* \@twosidefalse
* \@mparswitchfalse
* \@reversemarginfalse
* (1in=72.27pt=25.4mm, 1cm=28.453pt)

(D:\MikTex\tex/latex/pdflscape\pdflscape.sty
Package: pdflscape 2019/12/05 v0.12 Display of landscape pages in PDF (HO)

(D:\MikTex\tex/latex/graphics\lscape.sty
Package: lscape 2020/05/28 v3.02 Landscape Pages (DPC)
)
Package pdflscape Info: Auto-detected driver: pdftex on input line 81.
)
<Imagens/hist.png, id=1, 945.5325pt x 1129.21875pt>
File: Imagens/hist.png Graphic file (type png)
<use Imagens/hist.png>
Package pdftex.def Info: Imagens/hist.png  used on input line 39.
(pdftex.def)             Requested size: 377.62643pt x 450.99028pt.
 [1

{C:/Users/T-Gamer/AppData/Local/MiKTeX/2.9/pdftex/config/pdftex.map} <./Imagens
/hist.png>]

Package geometry Warning: Over-specification in `h'-direction.
    `width' (341.43306pt) is ignored.

*geometry* verbose mode - [ newgeometry ] result:
* driver: pdftex
* paper: <default>
* layout: <same size as paper>
* layoutoffset:(h,v)=(0.0pt,0.0pt)
* modes: heightrounded 
* h-part:(L,W,R)=(85.35826pt, 472.03123pt, 56.9055pt)
* v-part:(T,H,B)=(42.67912pt, 695.38536pt, 56.9055pt)
* \paperwidth=614.295pt
* \paperheight=794.96999pt
* \textwidth=472.03123pt
* \textheight=693.5pt
* \oddsidemargin=13.08827pt
* \evensidemargin=13.08827pt
* \topmargin=-66.59087pt
* \headheight=12.0pt
* \headsep=25.0pt
* \topskip=12.0pt
* \footskip=30.0pt
* \marginparwidth=44.0pt
* \marginparsep=10.0pt
* \columnsep=10.0pt
* \skip\footins=10.8pt plus 4.0pt minus 2.0pt
* \hoffset=0.0pt
* \voffset=0.0pt
* \mag=1000
* \@twocolumnfalse
* \@twosidefalse
* \@mparswitchfalse
* \@reversemarginfalse
* (1in=72.27pt=25.4mm, 1cm=28.453pt)

[2

]
<Imagens/best_acc_models.png, id=18, 630.355pt x 318.18875pt>
File: Imagens/best_acc_models.png Graphic file (type png)
<use Imagens/best_acc_models.png>
Package pdftex.def Info: Imagens/best_acc_models.png  used on input line 76.
(pdftex.def)             Requested size: 231.2979pt x 116.75209pt.
<Imagens/best_loss_models.png, id=19, 630.355pt x 318.18875pt>
File: Imagens/best_loss_models.png Graphic file (type png)
<use Imagens/best_loss_models.png>
Package pdftex.def Info: Imagens/best_loss_models.png  used on input line 83.
(pdftex.def)             Requested size: 231.2979pt x 116.75209pt.
<Imagens/acc_evolution_loss.png, id=20, 912.40875pt x 322.20375pt>
File: Imagens/acc_evolution_loss.png Graphic file (type png)
<use Imagens/acc_evolution_loss.png>
Package pdftex.def Info: Imagens/acc_evolution_loss.png  used on input line 101
.
(pdftex.def)             Requested size: 472.03123pt x 166.68654pt.
 [3 <./Imagens/best_acc_models.png> <./Imagens/best_loss_models.png> <./Imagens
/acc_evolution_loss.png>]
<Imagens/conf_max_acc.png, id=29, 825.0825pt x 602.25pt>
File: Imagens/conf_max_acc.png Graphic file (type png)
<use Imagens/conf_max_acc.png>
Package pdftex.def Info: Imagens/conf_max_acc.png  used on input line 134.
(pdftex.def)             Requested size: 231.2979pt x 168.83101pt.
<Imagens/conf_min_loss.png, id=30, 825.0825pt x 602.25pt>
File: Imagens/conf_min_loss.png Graphic file (type png)
<use Imagens/conf_min_loss.png>
Package pdftex.def Info: Imagens/conf_min_loss.png  used on input line 141.
(pdftex.def)             Requested size: 231.2979pt x 168.83101pt.
 [4 <./Imagens/conf_max_acc.png> <./Imagens/conf_min_loss.png>] [5]
<Imagens/mlp_acc.png, id=40, 649.42625pt x 492.84125pt>
File: Imagens/mlp_acc.png Graphic file (type png)
<use Imagens/mlp_acc.png>
Package pdftex.def Info: Imagens/mlp_acc.png  used on input line 199.
(pdftex.def)             Requested size: 231.2979pt x 175.52763pt.
<Imagens/mlp_loss.png, id=41, 658.46pt x 329.23pt>
File: Imagens/mlp_loss.png Graphic file (type png)
<use Imagens/mlp_loss.png>
Package pdftex.def Info: Imagens/mlp_loss.png  used on input line 206.
(pdftex.def)             Requested size: 231.2979pt x 115.64919pt.
<Imagens/mlp_model1_conf.png, id=42, 842.14626pt x 602.25pt>
File: Imagens/mlp_model1_conf.png Graphic file (type png)
<use Imagens/mlp_model1_conf.png>
Package pdftex.def Info: Imagens/mlp_model1_conf.png  used on input line 220.
(pdftex.def)             Requested size: 188.8096pt x 135.02254pt.
<Imagens/mlp_model2_conf.png, id=43, 842.14626pt x 602.25pt>
File: Imagens/mlp_model2_conf.png Graphic file (type png)
<use Imagens/mlp_model2_conf.png>
Package pdftex.def Info: Imagens/mlp_model2_conf.png  used on input line 226.
(pdftex.def)             Requested size: 188.8096pt x 135.02254pt.
<Imagens/mlp_model3_conf.png, id=44, 842.14626pt x 602.25pt>
File: Imagens/mlp_model3_conf.png Graphic file (type png)
<use Imagens/mlp_model3_conf.png>
Package pdftex.def Info: Imagens/mlp_model3_conf.png  used on input line 233.
(pdftex.def)             Requested size: 188.8096pt x 135.02254pt.
<Imagens/mlp_model4_conf.png, id=45, 842.14626pt x 602.25pt>
File: Imagens/mlp_model4_conf.png Graphic file (type png)
<use Imagens/mlp_model4_conf.png>
Package pdftex.def Info: Imagens/mlp_model4_conf.png  used on input line 239.
(pdftex.def)             Requested size: 188.8096pt x 135.02254pt.
 [6 <./Imagens/mlp_acc.png> <./Imagens/mlp_loss.png> <./Imagens/mlp_model1_conf
.png> <./Imagens/mlp_model2_conf.png> <./Imagens/mlp_model3_conf.png> <./Imagen
s/mlp_model4_conf.png>]
<Imagens/q2/qk_acc_var.png, id=55, 910.40125pt x 485.815pt>
File: Imagens/q2/qk_acc_var.png Graphic file (type png)
<use Imagens/q2/qk_acc_var.png>
Package pdftex.def Info: Imagens/q2/qk_acc_var.png  used on input line 272.
(pdftex.def)             Requested size: 306.81741pt x 163.72939pt.
<Imagens/q2/qk_loss_var.png, id=56, 923.45pt x 485.815pt>
File: Imagens/q2/qk_loss_var.png Graphic file (type png)
<use Imagens/q2/qk_loss_var.png>
Package pdftex.def Info: Imagens/q2/qk_loss_var.png  used on input line 279.
(pdftex.def)             Requested size: 306.81741pt x 161.40913pt.
 [7 <./Imagens/q2/qk_acc_var.png> <./Imagens/q2/qk_loss_var.png>]
<Imagens/q2/nk_acc_var.png, id=63, 910.40125pt x 485.815pt>
File: Imagens/q2/nk_acc_var.png Graphic file (type png)
<use Imagens/q2/nk_acc_var.png>
Package pdftex.def Info: Imagens/q2/nk_acc_var.png  used on input line 305.
(pdftex.def)             Requested size: 306.81741pt x 163.72939pt.
<Imagens/q2/nk_loss_var.png, id=64, 910.40125pt x 485.815pt>
File: Imagens/q2/nk_loss_var.png Graphic file (type png)
<use Imagens/q2/nk_loss_var.png>
Package pdftex.def Info: Imagens/q2/nk_loss_var.png  used on input line 312.
(pdftex.def)             Requested size: 306.81741pt x 163.72939pt.
 [8 <./Imagens/q2/nk_acc_var.png> <./Imagens/q2/nk_loss_var.png>]
<Imagens/q2/best_cnn_tr.png, id=70, 904.37875pt x 309.155pt>
File: Imagens/q2/best_cnn_tr.png Graphic file (type png)
<use Imagens/q2/best_cnn_tr.png>
Package pdftex.def Info: Imagens/q2/best_cnn_tr.png  used on input line 337.
(pdftex.def)             Requested size: 472.03123pt x 161.3559pt.
<Imagens/q2/best_cnn_conf.png, id=71, 842.14626pt x 602.25pt>
File: Imagens/q2/best_cnn_conf.png Graphic file (type png)
<use Imagens/q2/best_cnn_conf.png>
Package pdftex.def Info: Imagens/q2/best_cnn_conf.png  used on input line 352.
(pdftex.def)             Requested size: 283.22162pt x 202.5384pt.
<Imagens/q2/best_cnn_miss/pred0_real6.png, id=72, 258.9675pt x 256.96pt>
File: Imagens/q2/best_cnn_miss/pred0_real6.png Graphic file (type png)
<use Imagens/q2/best_cnn_miss/pred0_real6.png>
Package pdftex.def Info: Imagens/q2/best_cnn_miss/pred0_real6.png  used on inpu
t line 361.
(pdftex.def)             Requested size: 118.0078pt x 117.09341pt.
<Imagens/q2/best_cnn_miss/pred3_real5.png, id=73, 258.9675pt x 256.96pt>
File: Imagens/q2/best_cnn_miss/pred3_real5.png Graphic file (type png)
<use Imagens/q2/best_cnn_miss/pred3_real5.png>
Package pdftex.def Info: Imagens/q2/best_cnn_miss/pred3_real5.png  used on inpu
t line 368.
(pdftex.def)             Requested size: 118.0078pt x 117.09341pt.
<Imagens/q2/best_cnn_miss/pred6_real5.png, id=74, 258.9675pt x 256.96pt>
File: Imagens/q2/best_cnn_miss/pred6_real5.png Graphic file (type png)
<use Imagens/q2/best_cnn_miss/pred6_real5.png>
Package pdftex.def Info: Imagens/q2/best_cnn_miss/pred6_real5.png  used on inpu
t line 375.
(pdftex.def)             Requested size: 118.0078pt x 117.09341pt.
<Imagens/q2/best_cnn_miss/pred7_real2.png, id=75, 258.9675pt x 256.96pt>
File: Imagens/q2/best_cnn_miss/pred7_real2.png Graphic file (type png)
<use Imagens/q2/best_cnn_miss/pred7_real2.png>
Package pdftex.def Info: Imagens/q2/best_cnn_miss/pred7_real2.png  used on inpu
t line 382.
(pdftex.def)             Requested size: 118.0078pt x 117.09341pt.
<Imagens/q2/best_cnn_miss/pred8_real4.png, id=76, 258.9675pt x 256.96pt>
File: Imagens/q2/best_cnn_miss/pred8_real4.png Graphic file (type png)
<use Imagens/q2/best_cnn_miss/pred8_real4.png>
Package pdftex.def Info: Imagens/q2/best_cnn_miss/pred8_real4.png  used on inpu
t line 389.
(pdftex.def)             Requested size: 118.0078pt x 117.09341pt.
 [9 <./Imagens/q2/best_cnn_tr.png> <./Imagens/q2/best_cnn_conf.png>] [10 <./Ima
gens/q2/best_cnn_miss/pred0_real6.png> <./Imagens/q2/best_cnn_miss/pred3_real5.
png> <./Imagens/q2/best_cnn_miss/pred6_real5.png> <./Imagens/q2/best_cnn_miss/p
red7_real2.png> <./Imagens/q2/best_cnn_miss/pred8_real4.png>]
<Imagens/q2/best_bigcnn.png, id=90, 921.4425pt x 322.20375pt>
File: Imagens/q2/best_bigcnn.png Graphic file (type png)
<use Imagens/q2/best_bigcnn.png>
Package pdftex.def Info: Imagens/q2/best_bigcnn.png  used on input line 421.
(pdftex.def)             Requested size: 472.03123pt x 165.05428pt.
<Imagens/q2/best_bigcnn_conf.png, id=91, 842.14626pt x 602.25pt>
File: Imagens/q2/best_bigcnn_conf.png Graphic file (type png)
<use Imagens/q2/best_bigcnn_conf.png>
Package pdftex.def Info: Imagens/q2/best_bigcnn_conf.png  used on input line 43
6.
(pdftex.def)             Requested size: 283.22162pt x 202.5384pt.
<Imagens/q2/best_bigcnn_miss/pred0_real6.png, id=92, 258.9675pt x 256.96pt>
File: Imagens/q2/best_bigcnn_miss/pred0_real6.png Graphic file (type png)
<use Imagens/q2/best_bigcnn_miss/pred0_real6.png>
Package pdftex.def Info: Imagens/q2/best_bigcnn_miss/pred0_real6.png  used on i
nput line 445.
(pdftex.def)             Requested size: 118.0078pt x 117.09341pt.
<Imagens/q2/best_bigcnn_miss/pred1_real2.png, id=93, 258.9675pt x 256.96pt>
File: Imagens/q2/best_bigcnn_miss/pred1_real2.png Graphic file (type png)
<use Imagens/q2/best_bigcnn_miss/pred1_real2.png>
Package pdftex.def Info: Imagens/q2/best_bigcnn_miss/pred1_real2.png  used on i
nput line 452.
(pdftex.def)             Requested size: 118.0078pt x 117.09341pt.
<Imagens/q2/best_bigcnn_miss/pred4_real9.png, id=94, 258.9675pt x 256.96pt>
File: Imagens/q2/best_bigcnn_miss/pred4_real9.png Graphic file (type png)
<use Imagens/q2/best_bigcnn_miss/pred4_real9.png>
Package pdftex.def Info: Imagens/q2/best_bigcnn_miss/pred4_real9.png  used on i
nput line 459.
(pdftex.def)             Requested size: 118.0078pt x 117.09341pt.
<Imagens/q2/best_bigcnn_miss/pred7_real2.png, id=95, 258.9675pt x 256.96pt>
File: Imagens/q2/best_bigcnn_miss/pred7_real2.png Graphic file (type png)
<use Imagens/q2/best_bigcnn_miss/pred7_real2.png>
Package pdftex.def Info: Imagens/q2/best_bigcnn_miss/pred7_real2.png  used on i
nput line 466.
(pdftex.def)             Requested size: 118.0078pt x 117.09341pt.
<Imagens/q2/best_bigcnn_miss/pred9_real8.png, id=96, 258.9675pt x 256.96pt>
File: Imagens/q2/best_bigcnn_miss/pred9_real8.png Graphic file (type png)
<use Imagens/q2/best_bigcnn_miss/pred9_real8.png>
Package pdftex.def Info: Imagens/q2/best_bigcnn_miss/pred9_real8.png  used on i
nput line 473.
(pdftex.def)             Requested size: 118.0078pt x 117.09341pt.

[11 <./Imagens/q2/best_bigcnn.png> <./Imagens/q2/best_bigcnn_conf.png>]
Overfull \hbox (7.344pt too wide) in paragraph at lines 491--500
 [][] 
 []

[12 <./Imagens/q2/best_bigcnn_miss/pred0_real6.png> <./Imagens/q2/best_bigcnn_m
iss/pred1_real2.png> <./Imagens/q2/best_bigcnn_miss/pred4_real9.png> <./Imagens
/q2/best_bigcnn_miss/pred7_real2.png> <./Imagens/q2/best_bigcnn_miss/pred9_real
8.png>] (EFC3_IA048.aux) ) 
Here is how much of TeX's memory you used:
 6115 strings out of 480236
 94093 string characters out of 2897059
 393193 words of memory out of 3000000
 22573 multiletter control sequences out of 15000+200000
 542365 words of font info for 54 fonts, out of 3000000 for 9000
 1141 hyphenation exceptions out of 8191
 62i,9n,69p,676b,488s stack positions out of 5000i,500n,10000p,200000b,50000s
 <C:\Users\T-Gamer\AppData\Local\MiKTeX\2.9\fonts/pk/
ljfour/jknappen/ec/dpi600\tcrm1200.pk><D:/MikTex/fonts/type1/public/amsfonts/cm
/cmbx12.pfb><D:/MikTex/fonts/type1/public/amsfonts/cm/cmmi12.pfb><D:/MikTex/fon
ts/type1/public/amsfonts/cm/cmr10.pfb><D:/MikTex/fonts/type1/public/amsfonts/cm
/cmr12.pfb><D:/MikTex/fonts/type1/public/amsfonts/cm/cmr17.pfb><D:/MikTex/fonts
/type1/public/amsfonts/cm/cmr8.pfb><D:/MikTex/fonts/type1/public/amsfonts/cm/cm
sy10.pfb><D:/MikTex/fonts/type1/public/amsfonts/cm/cmsy8.pfb><D:/MikTex/fonts/t
ype1/public/amsfonts/cm/cmti12.pfb>
Output written on EFC3_IA048.pdf (12 pages, 635008 bytes).
PDF statistics:
 143 PDF objects out of 1000 (max. 8388607)
 0 named destinations out of 1000 (max. 500000)
 151 words of extra memory for PDF output out of 10000 (max. 10000000)

